[2024-02-23 20:08:57] [ ERROR] [OdontologoDaoH2:45] Table "ODONTOLOGOS" not found (this database is empty); SQL statement:
INSERT INTO ODONTOLOGOS (matricula, nombre, apellido) VALUES(?, ?, ?) [42104-214]
[2024-02-23 20:08:57] [ INFO ] [OdontologoDaoH2:50] Tuvimos un problema
[2024-02-23 20:08:57] [ ERROR] [OdontologoDaoH2:51] Table "ODONTOLOGOS" not found (this database is empty); SQL statement:
INSERT INTO ODONTOLOGOS (matricula, nombre, apellido) VALUES(?, ?, ?) [42104-214]
[2024-02-23 20:17:36] [ ERROR] [OdontologoDaoH2:45] Table "ODONTOLOGOS" not found (this database is empty); SQL statement:
INSERT INTO ODONTOLOGOS(matricula, nombre, apellido) VALUES(?, ?, ?) [42104-214]
[2024-02-23 20:17:36] [ INFO ] [OdontologoDaoH2:50] Tuvimos un problema
[2024-02-23 20:17:36] [ ERROR] [OdontologoDaoH2:51] Table "ODONTOLOGOS" not found (this database is empty); SQL statement:
INSERT INTO ODONTOLOGOS(matricula, nombre, apellido) VALUES(?, ?, ?) [42104-214]
[2024-02-23 20:32:01] [ ERROR] [OdontologoDaoH2:48] Table "ODONTOLOGOS" not found (this database is empty); SQL statement:
INSERT INTO ODONTOLOGOS(matricula, nombre, apellido) VALUES(?, ?, ?) [42104-214]
[2024-02-23 20:32:01] [ INFO ] [OdontologoDaoH2:53] Tuvimos un problema
[2024-02-23 20:32:01] [ ERROR] [OdontologoDaoH2:54] Table "ODONTOLOGOS" not found (this database is empty); SQL statement:
INSERT INTO ODONTOLOGOS(matricula, nombre, apellido) VALUES(?, ?, ?) [42104-214]
[2024-02-23 20:40:06] [ ERROR] [OdontologoDaoH2:49] Table "ODONTOLOGOS" not found (this database is empty); SQL statement:
INSERT INTO ODONTOLOGOS(matricula, nombre, apellido) VALUES(?, ?, ?) [42104-214]
[2024-02-23 20:40:06] [ INFO ] [OdontologoDaoH2:54] Tuvimos un problema
[2024-02-23 20:40:06] [ ERROR] [OdontologoDaoH2:55] Table "ODONTOLOGOS" not found (this database is empty); SQL statement:
INSERT INTO ODONTOLOGOS(matricula, nombre, apellido) VALUES(?, ?, ?) [42104-214]
[2024-02-23 20:52:28] [ ERROR] [OdontologoDaoH2:49] Table "ODONTOLOGOS" not found (this database is empty); SQL statement:
INSERT INTO ODONTOLOGOS(matricula, nombre, apellido) VALUES(?, ?, ?) [42104-214]
[2024-02-23 20:52:28] [ INFO ] [OdontologoDaoH2:54] Tuvimos un problema
[2024-02-23 20:52:28] [ ERROR] [OdontologoDaoH2:55] Table "ODONTOLOGOS" not found (this database is empty); SQL statement:
INSERT INTO ODONTOLOGOS(matricula, nombre, apellido) VALUES(?, ?, ?) [42104-214]
[2024-02-23 21:00:02] [ ERROR] [OdontologoDaoH2:49] Table "ODONTOLOGOS" not found (this database is empty); SQL statement:
INSERT INTO ODONTOLOGOS(matricula, nombre, apellido) VALUES (?, ?, ?) [42104-214]
[2024-02-23 21:00:02] [ INFO ] [OdontologoDaoH2:54] Tuvimos un problema
[2024-02-23 21:00:02] [ ERROR] [OdontologoDaoH2:55] Table "ODONTOLOGOS" not found (this database is empty); SQL statement:
INSERT INTO ODONTOLOGOS(matricula, nombre, apellido) VALUES (?, ?, ?) [42104-214]
[2024-02-23 21:01:35] [ ERROR] [OdontologoDaoH2:49] Table "ODONTOLOGOS" not found (this database is empty); SQL statement:
INSERT INTO ODONTOLOGOS(matricula, nombre, apellido) VALUES(?, ?, ?) [42104-214]
[2024-02-23 21:01:35] [ INFO ] [OdontologoDaoH2:54] Tuvimos un problema
[2024-02-23 21:01:35] [ ERROR] [OdontologoDaoH2:55] Table "ODONTOLOGOS" not found (this database is empty); SQL statement:
INSERT INTO ODONTOLOGOS(matricula, nombre, apellido) VALUES(?, ?, ?) [42104-214]
[2024-02-23 21:47:34] [ INFO ] [OdontologoDaoH2:46] Odontologo registrado: Odontologo{matricula=1234, nombre='Carlos', apellido='Perez'}
[2024-02-23 21:56:13] [ INFO ] [OdontologoDaoH2:90] Listado de todos los Odontologos: [Odontologo{matricula=255, nombre='Lucas', apellido='Machaca'}, Odontologo{matricula=256, nombre='Jose', apellido='Pereira'}, Odontologo{matricula=257, nombre='Pepito', apellido='Perez'}, Odontologo{matricula=1234, nombre='Carlos', apellido='Perez'}]
